Building DAG of jobs...
Using shell: /bin/bash
Provided cores: 4
Rules claiming more threads will be scaled down.
Job stats:
job           count    min threads    max threads
----------  -------  -------------  -------------
all               1              1              1
hg19_ichor        2              1              1
total             3              1              1

Resources before job selection: {'_cores': 4, '_nodes': 9223372036854775807}
Ready jobs (2):
	hg19_ichor
	hg19_ichor
Select jobs to execute...
Selected jobs (2):
	hg19_ichor
	hg19_ichor
Resources after job selection: {'_cores': 2, '_nodes': 9223372036854775805}

[Mon May 16 15:16:21 2022]
rule hg19_ichor:
    input: test/wig/lib002_hg19_frag90_150.wig
    output: test/ichor/lib002_hg19_frag90_150.cna.seg
    jobid: 10
    wildcards: library_id=lib002_hg19, frag_distro=90_150
    resources: tmpdir=/tmp


        workflow/scripts/ichor_lowfract_hg19.sh test/wig/lib002_hg19_frag90_150.wig test/ichor
        

[Mon May 16 15:16:21 2022]
 singularity  exec --home /home/jszymanski/repos/cfdna-cna --bind /home/jszymanski:/home/jszymanski --bind /mnt:/mnt /home/jszymanski/sing_containers/mpnst.sif bash -c 'set -euo pipefail;  
        workflow/scripts/ichor_lowfract_hg19.sh test/wig/lib002_hg19_frag90_150.wig test/ichor'
rule hg19_ichor:
    input: test/wig/lib001_hg19_frag90_150.wig
    output: test/ichor/lib001_hg19_frag90_150.cna.seg
    jobid: 9
    wildcards: library_id=lib001_hg19, frag_distro=90_150
    resources: tmpdir=/tmp
Activating singularity image /home/jszymanski/sing_containers/mpnst.sif


        workflow/scripts/ichor_lowfract_hg19.sh test/wig/lib001_hg19_frag90_150.wig test/ichor
        
 singularity  exec --home /home/jszymanski/repos/cfdna-cna --bind /home/jszymanski:/home/jszymanski --bind /mnt:/mnt /home/jszymanski/sing_containers/mpnst.sif bash -c 'set -euo pipefail;  
        workflow/scripts/ichor_lowfract_hg19.sh test/wig/lib001_hg19_frag90_150.wig test/ichor'
Activating singularity image /home/jszymanski/sing_containers/mpnst.sif
Waiting at most 5 seconds for missing files.
Full Traceback (most recent call last):
  File "/home/jszymanski/.conda/envs/snakemake/lib/python3.10/site-packages/snakemake/dag.py", line 494, in check_and_touch_output
    wait_for_files(
  File "/home/jszymanski/.conda/envs/snakemake/lib/python3.10/site-packages/snakemake/io.py", line 825, in wait_for_files
    raise IOError(
OSError: Missing files after 5 seconds:
test/ichor/lib001_hg19_frag90_150.cna.seg

During handling of the above exception, another exception occurred:

Traceback (most recent call last):
  File "/home/jszymanski/.conda/envs/snakemake/lib/python3.10/site-packages/snakemake/scheduler.py", line 529, in _finish_jobs
    self.get_executor(job).handle_job_success(job)
  File "/home/jszymanski/.conda/envs/snakemake/lib/python3.10/site-packages/snakemake/executors/__init__.py", line 608, in handle_job_success
    super().handle_job_success(job)
  File "/home/jszymanski/.conda/envs/snakemake/lib/python3.10/site-packages/snakemake/executors/__init__.py", line 265, in handle_job_success
    job.postprocess(
  File "/home/jszymanski/.conda/envs/snakemake/lib/python3.10/site-packages/snakemake/jobs.py", line 1017, in postprocess
    self.dag.check_and_touch_output(
  File "/home/jszymanski/.conda/envs/snakemake/lib/python3.10/site-packages/snakemake/dag.py", line 501, in check_and_touch_output
    raise MissingOutputException(
snakemake.exceptions.MissingOutputException: Job Missing files after 5 seconds:
test/ichor/lib001_hg19_frag90_150.cna.seg
This might be due to filesystem latency. If that is the case, consider to increase the wait time with --latency-wait.
Job id: 9 completed successfully, but some output files are missing. 9

MissingOutputException in line 75 of /home/jszymanski/repos/cfdna-cna/workflow/cfdna_wgs_cna.smk:
Job Missing files after 5 seconds:
test/ichor/lib001_hg19_frag90_150.cna.seg
This might be due to filesystem latency. If that is the case, consider to increase the wait time with --latency-wait.
Job id: 9 completed successfully, but some output files are missing. 9
Waiting at most 5 seconds for missing files.
Full Traceback (most recent call last):
  File "/home/jszymanski/.conda/envs/snakemake/lib/python3.10/site-packages/snakemake/dag.py", line 494, in check_and_touch_output
    wait_for_files(
  File "/home/jszymanski/.conda/envs/snakemake/lib/python3.10/site-packages/snakemake/io.py", line 825, in wait_for_files
    raise IOError(
OSError: Missing files after 5 seconds:
test/ichor/lib001_hg19_frag90_150.cna.seg

During handling of the above exception, another exception occurred:

Traceback (most recent call last):
  File "/home/jszymanski/.conda/envs/snakemake/lib/python3.10/site-packages/snakemake/scheduler.py", line 529, in _finish_jobs
    self.get_executor(job).handle_job_success(job)
  File "/home/jszymanski/.conda/envs/snakemake/lib/python3.10/site-packages/snakemake/executors/__init__.py", line 608, in handle_job_success
    super().handle_job_success(job)
  File "/home/jszymanski/.conda/envs/snakemake/lib/python3.10/site-packages/snakemake/executors/__init__.py", line 265, in handle_job_success
    job.postprocess(
  File "/home/jszymanski/.conda/envs/snakemake/lib/python3.10/site-packages/snakemake/jobs.py", line 1017, in postprocess
    self.dag.check_and_touch_output(
  File "/home/jszymanski/.conda/envs/snakemake/lib/python3.10/site-packages/snakemake/dag.py", line 501, in check_and_touch_output
    raise MissingOutputException(
snakemake.exceptions.MissingOutputException: Job Missing files after 5 seconds:
test/ichor/lib001_hg19_frag90_150.cna.seg
This might be due to filesystem latency. If that is the case, consider to increase the wait time with --latency-wait.
Job id: 9 completed successfully, but some output files are missing. 9

MissingOutputException in line 75 of /home/jszymanski/repos/cfdna-cna/workflow/cfdna_wgs_cna.smk:
Job Missing files after 5 seconds:
test/ichor/lib001_hg19_frag90_150.cna.seg
This might be due to filesystem latency. If that is the case, consider to increase the wait time with --latency-wait.
Job id: 9 completed successfully, but some output files are missing. 9
Full Traceback (most recent call last):
  File "/home/jszymanski/.conda/envs/snakemake/lib/python3.10/site-packages/snakemake/dag.py", line 494, in check_and_touch_output
    wait_for_files(
  File "/home/jszymanski/.conda/envs/snakemake/lib/python3.10/site-packages/snakemake/io.py", line 825, in wait_for_files
    raise IOError(
OSError: Missing files after 5 seconds:
test/ichor/lib001_hg19_frag90_150.cna.seg

During handling of the above exception, another exception occurred:

Traceback (most recent call last):
  File "/home/jszymanski/.conda/envs/snakemake/lib/python3.10/site-packages/snakemake/scheduler.py", line 529, in _finish_jobs
    self.get_executor(job).handle_job_success(job)
  File "/home/jszymanski/.conda/envs/snakemake/lib/python3.10/site-packages/snakemake/executors/__init__.py", line 608, in handle_job_success
    super().handle_job_success(job)
  File "/home/jszymanski/.conda/envs/snakemake/lib/python3.10/site-packages/snakemake/executors/__init__.py", line 265, in handle_job_success
    job.postprocess(
  File "/home/jszymanski/.conda/envs/snakemake/lib/python3.10/site-packages/snakemake/jobs.py", line 1017, in postprocess
    self.dag.check_and_touch_output(
  File "/home/jszymanski/.conda/envs/snakemake/lib/python3.10/site-packages/snakemake/dag.py", line 501, in check_and_touch_output
    raise MissingOutputException(
snakemake.exceptions.MissingOutputException: Job Missing files after 5 seconds:
test/ichor/lib001_hg19_frag90_150.cna.seg
This might be due to filesystem latency. If that is the case, consider to increase the wait time with --latency-wait.
Job id: 9 completed successfully, but some output files are missing. 9

During handling of the above exception, another exception occurred:

Traceback (most recent call last):
  File "/home/jszymanski/.conda/envs/snakemake/lib/python3.10/site-packages/snakemake/__init__.py", line 699, in snakemake
    success = workflow.execute(
  File "/home/jszymanski/.conda/envs/snakemake/lib/python3.10/site-packages/snakemake/workflow.py", line 1073, in execute
    success = self.scheduler.schedule()
  File "/home/jszymanski/.conda/envs/snakemake/lib/python3.10/site-packages/snakemake/scheduler.py", line 440, in schedule
    self._finish_jobs()
  File "/home/jszymanski/.conda/envs/snakemake/lib/python3.10/site-packages/snakemake/scheduler.py", line 534, in _finish_jobs
    self._handle_error(job)
  File "/home/jszymanski/.conda/envs/snakemake/lib/python3.10/site-packages/snakemake/scheduler.py", line 615, in _handle_error
    self.running.remove(job)
KeyError: hg19_ichor

unlocking
removing lock
removing lock
removed all locks
