Building DAG of jobs...
Using shell: /bin/bash
Provided cores: 4
Rules claiming more threads will be scaled down.
Job stats:
job            count    min threads    max threads
-----------  -------  -------------  -------------
all                1              1              1
bam_to_wig         4              1              1
frag_filt          4              1              1
ichor              4              1              1
ichor_nopon        4              1              1
pon                1              1              1
pon_list           1              1              1
total             19              1              1

Resources before job selection: {'_cores': 4, '_nodes': 9223372036854775807}
Ready jobs (4):
	frag_filt
	frag_filt
	frag_filt
	frag_filt
Select jobs to execute...
Selected jobs (4):
	frag_filt
	frag_filt
	frag_filt
	frag_filt
Resources after job selection: {'_cores': 0, '_nodes': 9223372036854775803}

[Thu Nov 17 10:02:30 2022]
rule frag_filt:
    input: test/bam/filt/lib004.bam
    output: test/bam/frag/lib004_frag90_150.nohead, test/bam/frag/lib004_frag90_150.onlyhead, test/bam/frag/lib004_frag90_150.bam
    jobid: 7
    wildcards: library=lib004, frag_distro=90_150
    resources: tmpdir=/tmp


        frag_min=$(echo 90_150 | sed -e "s/_.*$//g")
        frag_max=$(echo 90_150 | sed -e "s/^.*_//g")
        .//workflow/scripts/frag_filt.sh         test/bam/filt/lib004.bam         test/bam/frag/lib004_frag90_150.nohead         $frag_min         $frag_max         OrderedDict([('default', '4')])         test/bam/frag/lib004_frag90_150.onlyhead         test/bam/frag/lib004_frag90_150.bam
        
 singularity  exec --home /home/jeszyman/repos/cfdna-cna --bind /home/jeszyman:/home/jeszyman --bind /mnt:/mnt --bind /opt/miniconda3/envs/snakemake/lib/python3.9/site-packages:/mnt/snakemake /home/jeszyman/sing_containers/cfdna_wgs.1.0.0.sif bash -c 'frag_min=$(echo 90_150 | sed -e "s/_.*$//g")
        frag_max=$(echo 90_150 | sed -e "s/^.*_//g")
        .//workflow/scripts/frag_filt.sh         test/bam/filt/lib004.bam         test/bam/frag/lib004_frag90_150.nohead         $frag_min         $frag_max         OrderedDict([('\''default'\'', '\''4'\'')])         test/bam/frag/lib004_frag90_150.onlyhead         test/bam/frag/lib004_frag90_150.bam'
Activating singularity image /home/jeszyman/sing_containers/cfdna_wgs.1.0.0.sif

[Thu Nov 17 10:02:30 2022]
rule frag_filt:
    input: test/bam/filt/lib003.bam
    output: test/bam/frag/lib003_frag90_150.nohead, test/bam/frag/lib003_frag90_150.onlyhead, test/bam/frag/lib003_frag90_150.bam
    jobid: 3
    wildcards: library=lib003, frag_distro=90_150
    resources: tmpdir=/tmp


        frag_min=$(echo 90_150 | sed -e "s/_.*$//g")
        frag_max=$(echo 90_150 | sed -e "s/^.*_//g")
        .//workflow/scripts/frag_filt.sh         test/bam/filt/lib003.bam         test/bam/frag/lib003_frag90_150.nohead         $frag_min         $frag_max         OrderedDict([('default', '4')])         test/bam/frag/lib003_frag90_150.onlyhead         test/bam/frag/lib003_frag90_150.bam
        
 singularity  exec --home /home/jeszyman/repos/cfdna-cna --bind /home/jeszyman:/home/jeszyman --bind /mnt:/mnt --bind /opt/miniconda3/envs/snakemake/lib/python3.9/site-packages:/mnt/snakemake /home/jeszyman/sing_containers/cfdna_wgs.1.0.0.sif bash -c 'frag_min=$(echo 90_150 | sed -e "s/_.*$//g")
        frag_max=$(echo 90_150 | sed -e "s/^.*_//g")
        .//workflow/scripts/frag_filt.sh         test/bam/filt/lib003.bam         test/bam/frag/lib003_frag90_150.nohead         $frag_min         $frag_max         OrderedDict([('\''default'\'', '\''4'\'')])         test/bam/frag/lib003_frag90_150.onlyhead         test/bam/frag/lib003_frag90_150.bam'
Activating singularity image /home/jeszyman/sing_containers/cfdna_wgs.1.0.0.sif

[Thu Nov 17 10:02:30 2022]
rule frag_filt:
    input: test/bam/filt/lib005.bam
    output: test/bam/frag/lib005_frag90_150.nohead, test/bam/frag/lib005_frag90_150.onlyhead, test/bam/frag/lib005_frag90_150.bam
    jobid: 11
    wildcards: library=lib005, frag_distro=90_150
    resources: tmpdir=/tmp


        frag_min=$(echo 90_150 | sed -e "s/_.*$//g")
        frag_max=$(echo 90_150 | sed -e "s/^.*_//g")
        .//workflow/scripts/frag_filt.sh         test/bam/filt/lib005.bam         test/bam/frag/lib005_frag90_150.nohead         $frag_min         $frag_max         OrderedDict([('default', '4')])         test/bam/frag/lib005_frag90_150.onlyhead         test/bam/frag/lib005_frag90_150.bam
        
 singularity  exec --home /home/jeszyman/repos/cfdna-cna --bind /home/jeszyman:/home/jeszyman --bind /mnt:/mnt --bind /opt/miniconda3/envs/snakemake/lib/python3.9/site-packages:/mnt/snakemake /home/jeszyman/sing_containers/cfdna_wgs.1.0.0.sif bash -c 'frag_min=$(echo 90_150 | sed -e "s/_.*$//g")
        frag_max=$(echo 90_150 | sed -e "s/^.*_//g")
        .//workflow/scripts/frag_filt.sh         test/bam/filt/lib005.bam         test/bam/frag/lib005_frag90_150.nohead         $frag_min         $frag_max         OrderedDict([('\''default'\'', '\''4'\'')])         test/bam/frag/lib005_frag90_150.onlyhead         test/bam/frag/lib005_frag90_150.bam'

Activating singularity image /home/jeszyman/sing_containers/cfdna_wgs.1.0.0.sif
[Thu Nov 17 10:02:30 2022]
rule frag_filt:
    input: test/bam/filt/lib006.bam
    output: test/bam/frag/lib006_frag90_150.nohead, test/bam/frag/lib006_frag90_150.onlyhead, test/bam/frag/lib006_frag90_150.bam
    jobid: 14
    wildcards: library=lib006, frag_distro=90_150
    resources: tmpdir=/tmp


        frag_min=$(echo 90_150 | sed -e "s/_.*$//g")
        frag_max=$(echo 90_150 | sed -e "s/^.*_//g")
        .//workflow/scripts/frag_filt.sh         test/bam/filt/lib006.bam         test/bam/frag/lib006_frag90_150.nohead         $frag_min         $frag_max         OrderedDict([('default', '4')])         test/bam/frag/lib006_frag90_150.onlyhead         test/bam/frag/lib006_frag90_150.bam
        
 singularity  exec --home /home/jeszyman/repos/cfdna-cna --bind /home/jeszyman:/home/jeszyman --bind /mnt:/mnt --bind /opt/miniconda3/envs/snakemake/lib/python3.9/site-packages:/mnt/snakemake /home/jeszyman/sing_containers/cfdna_wgs.1.0.0.sif bash -c 'frag_min=$(echo 90_150 | sed -e "s/_.*$//g")
        frag_max=$(echo 90_150 | sed -e "s/^.*_//g")
        .//workflow/scripts/frag_filt.sh         test/bam/filt/lib006.bam         test/bam/frag/lib006_frag90_150.nohead         $frag_min         $frag_max         OrderedDict([('\''default'\'', '\''4'\'')])         test/bam/frag/lib006_frag90_150.onlyhead         test/bam/frag/lib006_frag90_150.bam'
Activating singularity image /home/jeszyman/sing_containers/cfdna_wgs.1.0.0.sif
Full Traceback (most recent call last):
  File "/opt/miniconda3/envs/snakemake/lib/python3.9/site-packages/snakemake/executors/__init__.py", line 2372, in run_wrapper
    run(
  File "/home/jeszyman/repos/cfdna-cna/workflow/cfdna_wgs_cna.smk", line 38, in __rule_frag_filt
    --chromosome {params.chrs} \
  File "/opt/miniconda3/envs/snakemake/lib/python3.9/site-packages/snakemake/shell.py", line 263, in __new__
    raise sp.CalledProcessError(retcode, cmd)
subprocess.CalledProcessError: Command ' singularity  exec --home /home/jeszyman/repos/cfdna-cna --bind /home/jeszyman:/home/jeszyman --bind /mnt:/mnt --bind /opt/miniconda3/envs/snakemake/lib/python3.9/site-packages:/mnt/snakemake /home/jeszyman/sing_containers/cfdna_wgs.1.0.0.sif bash -c 'frag_min=$(echo 90_150 | sed -e "s/_.*$//g")
        frag_max=$(echo 90_150 | sed -e "s/^.*_//g")
        .//workflow/scripts/frag_filt.sh         test/bam/filt/lib004.bam         test/bam/frag/lib004_frag90_150.nohead         $frag_min         $frag_max         OrderedDict([('\''default'\'', '\''4'\'')])         test/bam/frag/lib004_frag90_150.onlyhead         test/bam/frag/lib004_frag90_150.bam'' returned non-zero exit status 1.

[Thu Nov 17 10:02:31 2022]
Error in rule frag_filt:
    jobid: 7
    output: test/bam/frag/lib004_frag90_150.nohead, test/bam/frag/lib004_frag90_150.onlyhead, test/bam/frag/lib004_frag90_150.bam
    shell:
        
        frag_min=$(echo 90_150 | sed -e "s/_.*$//g")
        frag_max=$(echo 90_150 | sed -e "s/^.*_//g")
        .//workflow/scripts/frag_filt.sh         test/bam/filt/lib004.bam         test/bam/frag/lib004_frag90_150.nohead         $frag_min         $frag_max         OrderedDict([('default', '4')])         test/bam/frag/lib004_frag90_150.onlyhead         test/bam/frag/lib004_frag90_150.bam
        
        (one of the commands exited with non-zero exit code; note that snakemake uses bash strict mode!)

Full Traceback (most recent call last):
  File "/opt/miniconda3/envs/snakemake/lib/python3.9/site-packages/snakemake/executors/__init__.py", line 2372, in run_wrapper
    run(
  File "/home/jeszyman/repos/cfdna-cna/workflow/cfdna_wgs_cna.smk", line 38, in __rule_frag_filt
    --chromosome {params.chrs} \
  File "/opt/miniconda3/envs/snakemake/lib/python3.9/site-packages/snakemake/shell.py", line 263, in __new__
    raise sp.CalledProcessError(retcode, cmd)
subprocess.CalledProcessError: Command ' singularity  exec --home /home/jeszyman/repos/cfdna-cna --bind /home/jeszyman:/home/jeszyman --bind /mnt:/mnt --bind /opt/miniconda3/envs/snakemake/lib/python3.9/site-packages:/mnt/snakemake /home/jeszyman/sing_containers/cfdna_wgs.1.0.0.sif bash -c 'frag_min=$(echo 90_150 | sed -e "s/_.*$//g")
        frag_max=$(echo 90_150 | sed -e "s/^.*_//g")
        .//workflow/scripts/frag_filt.sh         test/bam/filt/lib004.bam         test/bam/frag/lib004_frag90_150.nohead         $frag_min         $frag_max         OrderedDict([('\''default'\'', '\''4'\'')])         test/bam/frag/lib004_frag90_150.onlyhead         test/bam/frag/lib004_frag90_150.bam'' returned non-zero exit status 1.

During handling of the above exception, another exception occurred:

Traceback (most recent call last):
  File "/opt/miniconda3/envs/snakemake/lib/python3.9/site-packages/snakemake/executors/__init__.py", line 592, in _callback
    raise ex
  File "/opt/miniconda3/envs/snakemake/lib/python3.9/concurrent/futures/thread.py", line 52, in run
    result = self.fn(*self.args, **self.kwargs)
  File "/opt/miniconda3/envs/snakemake/lib/python3.9/site-packages/snakemake/executors/__init__.py", line 578, in cached_or_run
    run_func(*args)
  File "/opt/miniconda3/envs/snakemake/lib/python3.9/site-packages/snakemake/executors/__init__.py", line 2405, in run_wrapper
    raise RuleException(
snakemake.exceptions.RuleException: CalledProcessError in line 13 of /home/jeszyman/repos/cfdna-cna/workflow/cfdna_wgs_cna.smk:
Command ' singularity  exec --home /home/jeszyman/repos/cfdna-cna --bind /home/jeszyman:/home/jeszyman --bind /mnt:/mnt --bind /opt/miniconda3/envs/snakemake/lib/python3.9/site-packages:/mnt/snakemake /home/jeszyman/sing_containers/cfdna_wgs.1.0.0.sif bash -c 'frag_min=$(echo 90_150 | sed -e "s/_.*$//g")
        frag_max=$(echo 90_150 | sed -e "s/^.*_//g")
        .//workflow/scripts/frag_filt.sh         test/bam/filt/lib004.bam         test/bam/frag/lib004_frag90_150.nohead         $frag_min         $frag_max         OrderedDict([('\''default'\'', '\''4'\'')])         test/bam/frag/lib004_frag90_150.onlyhead         test/bam/frag/lib004_frag90_150.bam'' returned non-zero exit status 1.
  File "/home/jeszyman/repos/cfdna-cna/workflow/cfdna_wgs_cna.smk", line 13, in __rule_frag_filt

RuleException:
CalledProcessError in line 13 of /home/jeszyman/repos/cfdna-cna/workflow/cfdna_wgs_cna.smk:
Command ' singularity  exec --home /home/jeszyman/repos/cfdna-cna --bind /home/jeszyman:/home/jeszyman --bind /mnt:/mnt --bind /opt/miniconda3/envs/snakemake/lib/python3.9/site-packages:/mnt/snakemake /home/jeszyman/sing_containers/cfdna_wgs.1.0.0.sif bash -c 'frag_min=$(echo 90_150 | sed -e "s/_.*$//g")
        frag_max=$(echo 90_150 | sed -e "s/^.*_//g")
        .//workflow/scripts/frag_filt.sh         test/bam/filt/lib004.bam         test/bam/frag/lib004_frag90_150.nohead         $frag_min         $frag_max         OrderedDict([('\''default'\'', '\''4'\'')])         test/bam/frag/lib004_frag90_150.onlyhead         test/bam/frag/lib004_frag90_150.bam'' returned non-zero exit status 1.
  File "/home/jeszyman/repos/cfdna-cna/workflow/cfdna_wgs_cna.smk", line 13, in __rule_frag_filt
  File "/opt/miniconda3/envs/snakemake/lib/python3.9/concurrent/futures/thread.py", line 52, in run
Full Traceback (most recent call last):
  File "/opt/miniconda3/envs/snakemake/lib/python3.9/site-packages/snakemake/executors/__init__.py", line 2372, in run_wrapper
    run(
  File "/home/jeszyman/repos/cfdna-cna/workflow/cfdna_wgs_cna.smk", line 38, in __rule_frag_filt
    --chromosome {params.chrs} \
  File "/opt/miniconda3/envs/snakemake/lib/python3.9/site-packages/snakemake/shell.py", line 263, in __new__
    raise sp.CalledProcessError(retcode, cmd)
subprocess.CalledProcessError: Command ' singularity  exec --home /home/jeszyman/repos/cfdna-cna --bind /home/jeszyman:/home/jeszyman --bind /mnt:/mnt --bind /opt/miniconda3/envs/snakemake/lib/python3.9/site-packages:/mnt/snakemake /home/jeszyman/sing_containers/cfdna_wgs.1.0.0.sif bash -c 'frag_min=$(echo 90_150 | sed -e "s/_.*$//g")
        frag_max=$(echo 90_150 | sed -e "s/^.*_//g")
        .//workflow/scripts/frag_filt.sh         test/bam/filt/lib003.bam         test/bam/frag/lib003_frag90_150.nohead         $frag_min         $frag_max         OrderedDict([('\''default'\'', '\''4'\'')])         test/bam/frag/lib003_frag90_150.onlyhead         test/bam/frag/lib003_frag90_150.bam'' returned non-zero exit status 1.

Full Traceback (most recent call last):
  File "/opt/miniconda3/envs/snakemake/lib/python3.9/site-packages/snakemake/executors/__init__.py", line 2372, in run_wrapper
    run(
  File "/home/jeszyman/repos/cfdna-cna/workflow/cfdna_wgs_cna.smk", line 38, in __rule_frag_filt
    --chromosome {params.chrs} \
  File "/opt/miniconda3/envs/snakemake/lib/python3.9/site-packages/snakemake/shell.py", line 263, in __new__
    raise sp.CalledProcessError(retcode, cmd)
subprocess.CalledProcessError: Command ' singularity  exec --home /home/jeszyman/repos/cfdna-cna --bind /home/jeszyman:/home/jeszyman --bind /mnt:/mnt --bind /opt/miniconda3/envs/snakemake/lib/python3.9/site-packages:/mnt/snakemake /home/jeszyman/sing_containers/cfdna_wgs.1.0.0.sif bash -c 'frag_min=$(echo 90_150 | sed -e "s/_.*$//g")
        frag_max=$(echo 90_150 | sed -e "s/^.*_//g")
        .//workflow/scripts/frag_filt.sh         test/bam/filt/lib005.bam         test/bam/frag/lib005_frag90_150.nohead         $frag_min         $frag_max         OrderedDict([('\''default'\'', '\''4'\'')])         test/bam/frag/lib005_frag90_150.onlyhead         test/bam/frag/lib005_frag90_150.bam'' returned non-zero exit status 1.

Full Traceback (most recent call last):
  File "/opt/miniconda3/envs/snakemake/lib/python3.9/site-packages/snakemake/executors/__init__.py", line 2372, in run_wrapper
    run(
  File "/home/jeszyman/repos/cfdna-cna/workflow/cfdna_wgs_cna.smk", line 38, in __rule_frag_filt
    --chromosome {params.chrs} \
  File "/opt/miniconda3/envs/snakemake/lib/python3.9/site-packages/snakemake/shell.py", line 263, in __new__
    raise sp.CalledProcessError(retcode, cmd)
subprocess.CalledProcessError: Command ' singularity  exec --home /home/jeszyman/repos/cfdna-cna --bind /home/jeszyman:/home/jeszyman --bind /mnt:/mnt --bind /opt/miniconda3/envs/snakemake/lib/python3.9/site-packages:/mnt/snakemake /home/jeszyman/sing_containers/cfdna_wgs.1.0.0.sif bash -c 'frag_min=$(echo 90_150 | sed -e "s/_.*$//g")
        frag_max=$(echo 90_150 | sed -e "s/^.*_//g")
        .//workflow/scripts/frag_filt.sh         test/bam/filt/lib006.bam         test/bam/frag/lib006_frag90_150.nohead         $frag_min         $frag_max         OrderedDict([('\''default'\'', '\''4'\'')])         test/bam/frag/lib006_frag90_150.onlyhead         test/bam/frag/lib006_frag90_150.bam'' returned non-zero exit status 1.

[Thu Nov 17 10:02:31 2022]
[Thu Nov 17 10:02:31 2022]
Error in rule frag_filt:
Error in rule frag_filt:
    jobid: 11
    jobid: 3
[Thu Nov 17 10:02:31 2022]
    output: test/bam/frag/lib005_frag90_150.nohead, test/bam/frag/lib005_frag90_150.onlyhead, test/bam/frag/lib005_frag90_150.bam
    output: test/bam/frag/lib003_frag90_150.nohead, test/bam/frag/lib003_frag90_150.onlyhead, test/bam/frag/lib003_frag90_150.bam
Error in rule frag_filt:
    shell:
        
        frag_min=$(echo 90_150 | sed -e "s/_.*$//g")
        frag_max=$(echo 90_150 | sed -e "s/^.*_//g")
        .//workflow/scripts/frag_filt.sh         test/bam/filt/lib005.bam         test/bam/frag/lib005_frag90_150.nohead         $frag_min         $frag_max         OrderedDict([('default', '4')])         test/bam/frag/lib005_frag90_150.onlyhead         test/bam/frag/lib005_frag90_150.bam
        
        (one of the commands exited with non-zero exit code; note that snakemake uses bash strict mode!)
    shell:
        
        frag_min=$(echo 90_150 | sed -e "s/_.*$//g")
        frag_max=$(echo 90_150 | sed -e "s/^.*_//g")
        .//workflow/scripts/frag_filt.sh         test/bam/filt/lib003.bam         test/bam/frag/lib003_frag90_150.nohead         $frag_min         $frag_max         OrderedDict([('default', '4')])         test/bam/frag/lib003_frag90_150.onlyhead         test/bam/frag/lib003_frag90_150.bam
        
        (one of the commands exited with non-zero exit code; note that snakemake uses bash strict mode!)
    jobid: 14


    output: test/bam/frag/lib006_frag90_150.nohead, test/bam/frag/lib006_frag90_150.onlyhead, test/bam/frag/lib006_frag90_150.bam
    shell:
        
        frag_min=$(echo 90_150 | sed -e "s/_.*$//g")
        frag_max=$(echo 90_150 | sed -e "s/^.*_//g")
        .//workflow/scripts/frag_filt.sh         test/bam/filt/lib006.bam         test/bam/frag/lib006_frag90_150.nohead         $frag_min         $frag_max         OrderedDict([('default', '4')])         test/bam/frag/lib006_frag90_150.onlyhead         test/bam/frag/lib006_frag90_150.bam
        
        (one of the commands exited with non-zero exit code; note that snakemake uses bash strict mode!)
Full Traceback (most recent call last):
  File "/opt/miniconda3/envs/snakemake/lib/python3.9/site-packages/snakemake/executors/__init__.py", line 2372, in run_wrapper
    run(
  File "/home/jeszyman/repos/cfdna-cna/workflow/cfdna_wgs_cna.smk", line 38, in __rule_frag_filt
    --chromosome {params.chrs} \
  File "/opt/miniconda3/envs/snakemake/lib/python3.9/site-packages/snakemake/shell.py", line 263, in __new__
    raise sp.CalledProcessError(retcode, cmd)
subprocess.CalledProcessError: Command ' singularity  exec --home /home/jeszyman/repos/cfdna-cna --bind /home/jeszyman:/home/jeszyman --bind /mnt:/mnt --bind /opt/miniconda3/envs/snakemake/lib/python3.9/site-packages:/mnt/snakemake /home/jeszyman/sing_containers/cfdna_wgs.1.0.0.sif bash -c 'frag_min=$(echo 90_150 | sed -e "s/_.*$//g")
        frag_max=$(echo 90_150 | sed -e "s/^.*_//g")
        .//workflow/scripts/frag_filt.sh         test/bam/filt/lib003.bam         test/bam/frag/lib003_frag90_150.nohead         $frag_min         $frag_max         OrderedDict([('\''default'\'', '\''4'\'')])         test/bam/frag/lib003_frag90_150.onlyhead         test/bam/frag/lib003_frag90_150.bam'' returned non-zero exit status 1.

During handling of the above exception, another exception occurred:

Traceback (most recent call last):
  File "/opt/miniconda3/envs/snakemake/lib/python3.9/site-packages/snakemake/executors/__init__.py", line 592, in _callback
    raise ex
  File "/opt/miniconda3/envs/snakemake/lib/python3.9/concurrent/futures/thread.py", line 52, in run
    result = self.fn(*self.args, **self.kwargs)
  File "/opt/miniconda3/envs/snakemake/lib/python3.9/site-packages/snakemake/executors/__init__.py", line 578, in cached_or_run
    run_func(*args)
  File "/opt/miniconda3/envs/snakemake/lib/python3.9/site-packages/snakemake/executors/__init__.py", line 2405, in run_wrapper
    raise RuleException(
snakemake.exceptions.RuleException: CalledProcessError in line 13 of /home/jeszyman/repos/cfdna-cna/workflow/cfdna_wgs_cna.smk:
Command ' singularity  exec --home /home/jeszyman/repos/cfdna-cna --bind /home/jeszyman:/home/jeszyman --bind /mnt:/mnt --bind /opt/miniconda3/envs/snakemake/lib/python3.9/site-packages:/mnt/snakemake /home/jeszyman/sing_containers/cfdna_wgs.1.0.0.sif bash -c 'frag_min=$(echo 90_150 | sed -e "s/_.*$//g")
        frag_max=$(echo 90_150 | sed -e "s/^.*_//g")
        .//workflow/scripts/frag_filt.sh         test/bam/filt/lib003.bam         test/bam/frag/lib003_frag90_150.nohead         $frag_min         $frag_max         OrderedDict([('\''default'\'', '\''4'\'')])         test/bam/frag/lib003_frag90_150.onlyhead         test/bam/frag/lib003_frag90_150.bam'' returned non-zero exit status 1.
  File "/home/jeszyman/repos/cfdna-cna/workflow/cfdna_wgs_cna.smk", line 13, in __rule_frag_filt

Full Traceback (most recent call last):
  File "/opt/miniconda3/envs/snakemake/lib/python3.9/site-packages/snakemake/executors/__init__.py", line 2372, in run_wrapper
    run(
  File "/home/jeszyman/repos/cfdna-cna/workflow/cfdna_wgs_cna.smk", line 38, in __rule_frag_filt
    --chromosome {params.chrs} \
  File "/opt/miniconda3/envs/snakemake/lib/python3.9/site-packages/snakemake/shell.py", line 263, in __new__
    raise sp.CalledProcessError(retcode, cmd)
subprocess.CalledProcessError: Command ' singularity  exec --home /home/jeszyman/repos/cfdna-cna --bind /home/jeszyman:/home/jeszyman --bind /mnt:/mnt --bind /opt/miniconda3/envs/snakemake/lib/python3.9/site-packages:/mnt/snakemake /home/jeszyman/sing_containers/cfdna_wgs.1.0.0.sif bash -c 'frag_min=$(echo 90_150 | sed -e "s/_.*$//g")
        frag_max=$(echo 90_150 | sed -e "s/^.*_//g")
        .//workflow/scripts/frag_filt.sh         test/bam/filt/lib005.bam         test/bam/frag/lib005_frag90_150.nohead         $frag_min         $frag_max         OrderedDict([('\''default'\'', '\''4'\'')])         test/bam/frag/lib005_frag90_150.onlyhead         test/bam/frag/lib005_frag90_150.bam'' returned non-zero exit status 1.

During handling of the above exception, another exception occurred:

Traceback (most recent call last):
  File "/opt/miniconda3/envs/snakemake/lib/python3.9/site-packages/snakemake/executors/__init__.py", line 592, in _callback
    raise ex
  File "/opt/miniconda3/envs/snakemake/lib/python3.9/concurrent/futures/thread.py", line 52, in run
    result = self.fn(*self.args, **self.kwargs)
  File "/opt/miniconda3/envs/snakemake/lib/python3.9/site-packages/snakemake/executors/__init__.py", line 578, in cached_or_run
    run_func(*args)
  File "/opt/miniconda3/envs/snakemake/lib/python3.9/site-packages/snakemake/executors/__init__.py", line 2405, in run_wrapper
    raise RuleException(
snakemake.exceptions.RuleException: CalledProcessError in line 13 of /home/jeszyman/repos/cfdna-cna/workflow/cfdna_wgs_cna.smk:
Command ' singularity  exec --home /home/jeszyman/repos/cfdna-cna --bind /home/jeszyman:/home/jeszyman --bind /mnt:/mnt --bind /opt/miniconda3/envs/snakemake/lib/python3.9/site-packages:/mnt/snakemake /home/jeszyman/sing_containers/cfdna_wgs.1.0.0.sif bash -c 'frag_min=$(echo 90_150 | sed -e "s/_.*$//g")
        frag_max=$(echo 90_150 | sed -e "s/^.*_//g")
        .//workflow/scripts/frag_filt.sh         test/bam/filt/lib005.bam         test/bam/frag/lib005_frag90_150.nohead         $frag_min         $frag_max         OrderedDict([('\''default'\'', '\''4'\'')])         test/bam/frag/lib005_frag90_150.onlyhead         test/bam/frag/lib005_frag90_150.bam'' returned non-zero exit status 1.
  File "/home/jeszyman/repos/cfdna-cna/workflow/cfdna_wgs_cna.smk", line 13, in __rule_frag_filt


RuleException:
CalledProcessError in line 13 of /home/jeszyman/repos/cfdna-cna/workflow/cfdna_wgs_cna.smk:
Command ' singularity  exec --home /home/jeszyman/repos/cfdna-cna --bind /home/jeszyman:/home/jeszyman --bind /mnt:/mnt --bind /opt/miniconda3/envs/snakemake/lib/python3.9/site-packages:/mnt/snakemake /home/jeszyman/sing_containers/cfdna_wgs.1.0.0.sif bash -c 'frag_min=$(echo 90_150 | sed -e "s/_.*$//g")
        frag_max=$(echo 90_150 | sed -e "s/^.*_//g")
        .//workflow/scripts/frag_filt.sh         test/bam/filt/lib003.bam         test/bam/frag/lib003_frag90_150.nohead         $frag_min         $frag_max         OrderedDict([('\''default'\'', '\''4'\'')])         test/bam/frag/lib003_frag90_150.onlyhead         test/bam/frag/lib003_frag90_150.bam'' returned non-zero exit status 1.
  File "/home/jeszyman/repos/cfdna-cna/workflow/cfdna_wgs_cna.smk", line 13, in __rule_frag_filt
  File "/opt/miniconda3/envs/snakemake/lib/python3.9/concurrent/futures/thread.py", line 52, in run
Full Traceback (most recent call last):
  File "/opt/miniconda3/envs/snakemake/lib/python3.9/site-packages/snakemake/executors/__init__.py", line 2372, in run_wrapper
    run(
  File "/home/jeszyman/repos/cfdna-cna/workflow/cfdna_wgs_cna.smk", line 38, in __rule_frag_filt
    --chromosome {params.chrs} \
  File "/opt/miniconda3/envs/snakemake/lib/python3.9/site-packages/snakemake/shell.py", line 263, in __new__
    raise sp.CalledProcessError(retcode, cmd)
subprocess.CalledProcessError: Command ' singularity  exec --home /home/jeszyman/repos/cfdna-cna --bind /home/jeszyman:/home/jeszyman --bind /mnt:/mnt --bind /opt/miniconda3/envs/snakemake/lib/python3.9/site-packages:/mnt/snakemake /home/jeszyman/sing_containers/cfdna_wgs.1.0.0.sif bash -c 'frag_min=$(echo 90_150 | sed -e "s/_.*$//g")
        frag_max=$(echo 90_150 | sed -e "s/^.*_//g")
        .//workflow/scripts/frag_filt.sh         test/bam/filt/lib006.bam         test/bam/frag/lib006_frag90_150.nohead         $frag_min         $frag_max         OrderedDict([('\''default'\'', '\''4'\'')])         test/bam/frag/lib006_frag90_150.onlyhead         test/bam/frag/lib006_frag90_150.bam'' returned non-zero exit status 1.

During handling of the above exception, another exception occurred:

Traceback (most recent call last):
  File "/opt/miniconda3/envs/snakemake/lib/python3.9/site-packages/snakemake/executors/__init__.py", line 592, in _callback
    raise ex
  File "/opt/miniconda3/envs/snakemake/lib/python3.9/concurrent/futures/thread.py", line 52, in run
    result = self.fn(*self.args, **self.kwargs)
  File "/opt/miniconda3/envs/snakemake/lib/python3.9/site-packages/snakemake/executors/__init__.py", line 578, in cached_or_run
    run_func(*args)
  File "/opt/miniconda3/envs/snakemake/lib/python3.9/site-packages/snakemake/executors/__init__.py", line 2405, in run_wrapper
    raise RuleException(
snakemake.exceptions.RuleException: CalledProcessError in line 13 of /home/jeszyman/repos/cfdna-cna/workflow/cfdna_wgs_cna.smk:
Command ' singularity  exec --home /home/jeszyman/repos/cfdna-cna --bind /home/jeszyman:/home/jeszyman --bind /mnt:/mnt --bind /opt/miniconda3/envs/snakemake/lib/python3.9/site-packages:/mnt/snakemake /home/jeszyman/sing_containers/cfdna_wgs.1.0.0.sif bash -c 'frag_min=$(echo 90_150 | sed -e "s/_.*$//g")
        frag_max=$(echo 90_150 | sed -e "s/^.*_//g")
        .//workflow/scripts/frag_filt.sh         test/bam/filt/lib006.bam         test/bam/frag/lib006_frag90_150.nohead         $frag_min         $frag_max         OrderedDict([('\''default'\'', '\''4'\'')])         test/bam/frag/lib006_frag90_150.onlyhead         test/bam/frag/lib006_frag90_150.bam'' returned non-zero exit status 1.
  File "/home/jeszyman/repos/cfdna-cna/workflow/cfdna_wgs_cna.smk", line 13, in __rule_frag_filt

RuleException:
CalledProcessError in line 13 of /home/jeszyman/repos/cfdna-cna/workflow/cfdna_wgs_cna.smk:
Command ' singularity  exec --home /home/jeszyman/repos/cfdna-cna --bind /home/jeszyman:/home/jeszyman --bind /mnt:/mnt --bind /opt/miniconda3/envs/snakemake/lib/python3.9/site-packages:/mnt/snakemake /home/jeszyman/sing_containers/cfdna_wgs.1.0.0.sif bash -c 'frag_min=$(echo 90_150 | sed -e "s/_.*$//g")
        frag_max=$(echo 90_150 | sed -e "s/^.*_//g")
        .//workflow/scripts/frag_filt.sh         test/bam/filt/lib006.bam         test/bam/frag/lib006_frag90_150.nohead         $frag_min         $frag_max         OrderedDict([('\''default'\'', '\''4'\'')])         test/bam/frag/lib006_frag90_150.onlyhead         test/bam/frag/lib006_frag90_150.bam'' returned non-zero exit status 1.
  File "/home/jeszyman/repos/cfdna-cna/workflow/cfdna_wgs_cna.smk", line 13, in __rule_frag_filt
  File "/opt/miniconda3/envs/snakemake/lib/python3.9/concurrent/futures/thread.py", line 52, in run
RuleException:
CalledProcessError in line 13 of /home/jeszyman/repos/cfdna-cna/workflow/cfdna_wgs_cna.smk:
Command ' singularity  exec --home /home/jeszyman/repos/cfdna-cna --bind /home/jeszyman:/home/jeszyman --bind /mnt:/mnt --bind /opt/miniconda3/envs/snakemake/lib/python3.9/site-packages:/mnt/snakemake /home/jeszyman/sing_containers/cfdna_wgs.1.0.0.sif bash -c 'frag_min=$(echo 90_150 | sed -e "s/_.*$//g")
        frag_max=$(echo 90_150 | sed -e "s/^.*_//g")
        .//workflow/scripts/frag_filt.sh         test/bam/filt/lib005.bam         test/bam/frag/lib005_frag90_150.nohead         $frag_min         $frag_max         OrderedDict([('\''default'\'', '\''4'\'')])         test/bam/frag/lib005_frag90_150.onlyhead         test/bam/frag/lib005_frag90_150.bam'' returned non-zero exit status 1.
  File "/home/jeszyman/repos/cfdna-cna/workflow/cfdna_wgs_cna.smk", line 13, in __rule_frag_filt
  File "/opt/miniconda3/envs/snakemake/lib/python3.9/concurrent/futures/thread.py", line 52, in run
Shutting down, this might take some time.
Exiting because a job execution failed. Look above for error message
Complete log: /home/jeszyman/repos/cfdna-cna/.snakemake/log/2022-11-17T100230.589322.snakemake.log
unlocking
removing lock
removing lock
removed all locks
