Building DAG of jobs...
Full Traceback (most recent call last):
  File "/opt/miniconda3/envs/snakemake/lib/python3.9/site-packages/snakemake/dag.py", line 1572, in collect_potential_dependencies
    yield PotentialDependency(file, known_producers[file], True)
KeyError: 'test/ichor/lib003_frag90_150.cna.seg'

During handling of the above exception, another exception occurred:

Traceback (most recent call last):
  File "/opt/miniconda3/envs/snakemake/lib/python3.9/site-packages/snakemake/jobs.py", line 106, in new
    obj = self.cache[key]
KeyError: ('ichor', ('frag_distro', '90_150'), ('library_id', 'lib003'))

During handling of the above exception, another exception occurred:

Traceback (most recent call last):
  File "/opt/miniconda3/envs/snakemake/lib/python3.9/site-packages/snakemake/io.py", line 911, in format_match
    value = wildcards[name]
KeyError: 'library'

During handling of the above exception, another exception occurred:

Traceback (most recent call last):
  File "/opt/miniconda3/envs/snakemake/lib/python3.9/site-packages/snakemake/rules.py", line 826, in expand_input
    self._apply_wildcards(
  File "/opt/miniconda3/envs/snakemake/lib/python3.9/site-packages/snakemake/rules.py", line 790, in _apply_wildcards
    concrete = concretize(item_, wildcards, _is_callable)
  File "/opt/miniconda3/envs/snakemake/lib/python3.9/site-packages/snakemake/rules.py", line 812, in concretize_iofile
    return f.apply_wildcards(
  File "/opt/miniconda3/envs/snakemake/lib/python3.9/site-packages/snakemake/io.py", line 692, in apply_wildcards
    apply_wildcards(
  File "/opt/miniconda3/envs/snakemake/lib/python3.9/site-packages/snakemake/io.py", line 923, in apply_wildcards
    return _wildcard_regex.sub(format_match, pattern)
  File "/opt/miniconda3/envs/snakemake/lib/python3.9/site-packages/snakemake/io.py", line 921, in format_match
    raise WildcardError(str(ex))
snakemake.exceptions.WildcardError: 'library'

During handling of the above exception, another exception occurred:

Traceback (most recent call last):
  File "/opt/miniconda3/envs/snakemake/lib/python3.9/site-packages/snakemake/__init__.py", line 696, in snakemake
    success = workflow.execute(
  File "/opt/miniconda3/envs/snakemake/lib/python3.9/site-packages/snakemake/workflow.py", line 748, in execute
    dag.init()
  File "/opt/miniconda3/envs/snakemake/lib/python3.9/site-packages/snakemake/dag.py", line 179, in init
    job = self.update([job], progress=progress, create_inventory=True)
  File "/opt/miniconda3/envs/snakemake/lib/python3.9/site-packages/snakemake/dag.py", line 793, in update
    raise exceptions[0]
  File "/opt/miniconda3/envs/snakemake/lib/python3.9/site-packages/snakemake/dag.py", line 749, in update
    self.update_(
  File "/opt/miniconda3/envs/snakemake/lib/python3.9/site-packages/snakemake/dag.py", line 838, in update_
    for res in potential_dependencies:
  File "/opt/miniconda3/envs/snakemake/lib/python3.9/site-packages/snakemake/dag.py", line 1582, in collect_potential_dependencies
    yield PotentialDependency(file, file2jobs(file), False)
  File "/opt/miniconda3/envs/snakemake/lib/python3.9/site-packages/snakemake/dag.py", line 1667, in file2jobs
    jobs.append(self.new_job(rule, targetfile=targetfile))
  File "/opt/miniconda3/envs/snakemake/lib/python3.9/site-packages/snakemake/dag.py", line 1406, in new_job
    job = self.job_factory.new(
  File "/opt/miniconda3/envs/snakemake/lib/python3.9/site-packages/snakemake/jobs.py", line 108, in new
    obj = Job(rule, dag, wildcards_dict, format_wildcards, targetfile)
  File "/opt/miniconda3/envs/snakemake/lib/python3.9/site-packages/snakemake/jobs.py", line 167, in __init__
    self.input, input_mapping, self.dependencies = self.rule.expand_input(
  File "/opt/miniconda3/envs/snakemake/lib/python3.9/site-packages/snakemake/rules.py", line 836, in expand_input
    raise WildcardError(
snakemake.exceptions.WildcardError: Wildcards in input files cannot be determined from output files:
'library'

WildcardError in line 42 of /home/jeszyman/repos/cfdna-cna/workflow/cfdna_wgs_cna.smk:
Wildcards in input files cannot be determined from output files:
'library'
unlocking
removed all locks
